{"level":"info","message":"listening to port"}
{"message":"connected to mongodb","level":"info"}
{"level":"info","message":"listening to port"}
{"message":"connected to mongodb","level":"info"}
{"message":"Not Found","level":"error"}
{"message":"Not Found","level":"error"}
{"level":"error"}
{"level":"error"}
{"level":"info","message":"listening to port"}
{"message":"connected to mongodb","level":"info"}
{"level":"error"}
{"level":"info","message":"listening to port"}
{"message":"connected to mongodb","level":"info"}
{"level":"error"}
{"level":"info","message":"listening to port"}
{"message":"connected to mongodb","level":"info"}
{"level":"error"}
{"level":"info","message":"listening to port"}
{"message":"connected to mongodb","level":"info"}
{"level":"error"}
{"level":"info","message":"listening to port"}
{"message":"connected to mongodb","level":"info"}
{"level":"error"}
{"level":"info","message":"listening to port"}
{"message":"connected to mongodb","level":"info"}
{"level":"error"}
{"level":"info","message":"listening to port"}
{"message":"connected to mongodb","level":"info"}
{"level":"info","message":"listening to port"}
{"message":"connected to mongodb","level":"info"}
{"message":"[object Array] is not a function","level":"error"}
{"level":"info","message":"listening to port"}
{"message":"connected to mongodb","level":"info"}
{"level":"error"}
{"level":"info","message":"listening to port"}
{"message":"connected to mongodb","level":"info"}
{"level":"error"}
{"level":"info","message":"listening to port"}
{"message":"connected to mongodb","level":"info"}
{"level":"error"}
{"level":"info","message":"listening to port"}
{"message":"connected to mongodb","level":"info"}
{"level":"info","message":"listening to port"}
{"message":"connected to mongodb","level":"info"}
{"level":"error"}
{"level":"info","message":"listening to port"}
{"message":"connected to mongodb","level":"info"}
{"level":"error"}
{"level":"info","message":"listening to port"}
{"message":"connected to mongodb","level":"info"}
{"level":"error"}
{"level":"info","message":"listening to port"}
{"message":"connected to mongodb","level":"info"}
{"level":"info","message":"listening to port"}
{"message":"connected to mongodb","level":"info"}
{"message":"[object Array] is not a function","level":"error"}
{"level":"info","message":"listening to port"}
{"message":"connected to mongodb","level":"info"}
{"message":"[object Array] is not a function","level":"error"}
{"level":"info","message":"listening to port"}
{"message":"connected to mongodb","level":"info"}
{"message":"[object Array] is not a function","level":"error"}
{"level":"info","message":"listening to port"}
{"message":"connected to mongodb","level":"info"}
{"message":"Not Found","level":"error"}
{"level":"info","message":"listening to port"}
{"message":"connected to mongodb","level":"info"}
{"message":"Not Found","level":"error"}
{"level":"info","message":"listening to port"}
{"message":"connected to mongodb","level":"info"}
{"message":"Not Found","level":"error"}
{"message":"Not Found","level":"error"}
{"level":"info","message":"listening to port"}
{"message":"connected to mongodb","level":"info"}
{"level":"info","message":"listening to port"}
{"message":"connected to mongodb","level":"info"}
{"level":"info","message":"listening to port"}
{"message":"connected to mongodb","level":"info"}
{"level":"info","message":"listening to port"}
{"message":"connected to mongodb","level":"info"}
{"level":"info","message":"listening to port"}
{"message":"connected to mongodb","level":"info"}
{"level":"info","message":"listening to port"}
{"message":"connected to mongodb","level":"info"}
{"level":"info","message":"listening to port"}
{"message":"connected to mongodb","level":"info"}
{"level":"info","message":"listening to port"}
{"message":"connected to mongodb","level":"info"}
